<?xml version="1.0" encoding="UTF-8"?>
<coverage generated="1719823204245" clover="3.2.0">
  <project timestamp="1719823204245" name="All files">
    <metrics statements="7" coveredstatements="4" conditionals="0" coveredconditionals="0" methods="1" coveredmethods="0" elements="8" coveredelements="4" complexity="0" loc="7" ncloc="7" packages="2" files="2" classes="2"/>
    <package name="api">
      <metrics statements="4" coveredstatements="1" conditionals="0" coveredconditionals="0" methods="1" coveredmethods="0"/>
      <file name="postMemo.ts" path="C:\Users\sakag\source\repos\ReactApp1\reactapp1.client\src\fetures\Memo\api\postMemo.ts">
        <metrics statements="4" coveredstatements="1" conditionals="0" coveredconditionals="0" methods="1" coveredmethods="0"/>
        <line num="3" count="1" type="stmt"/>
        <line num="4" count="0" type="stmt"/>
        <line num="6" count="0" type="stmt"/>
        <line num="11" count="0" type="stmt"/>
      </file>
    </package>
    <package name="test.unit">
      <metrics statements="3" coveredstatements="3" conditionals="0" coveredconditionals="0" methods="0" coveredmethods="0"/>
      <file name="fixtures.ts" path="C:\Users\sakag\source\repos\ReactApp1\reactapp1.client\src\fetures\Memo\test\unit\fixtures.ts">
        <metrics statements="3" coveredstatements="3" conditionals="0" coveredconditionals="0" methods="0" coveredmethods="0"/>
        <line num="8" count="1" type="stmt"/>
        <line num="12" count="1" type="stmt"/>
        <line num="16" count="1" type="stmt"/>
      </file>
    </package>
  </project>
</coverage>
