{"C:\\Users\\sakag\\source\\repos\\ReactApp1\\reactapp1.client\\src\\fetures\\Memo\\api\\postMemo.ts": {"path":"C:\\Users\\sakag\\source\\repos\\ReactApp1\\reactapp1.client\\src\\fetures\\Memo\\api\\postMemo.ts","statementMap":{"0":{"start":{"line":3,"column":24},"end":{"line":19,"column":1}},"1":{"start":{"line":4,"column":16},"end":{"line":4,"column":49}},"2":{"start":{"line":6,"column":21},"end":{"line":9,"column":4}},"3":{"start":{"line":11,"column":2},"end":{"line":18,"column":5}},"4":{"start":{"line":3,"column":13},"end":{"line":3,"column":24}}},"fnMap":{"0":{"name":"(anonymous_0)","decl":{"start":{"line":3,"column":24},"end":{"line":3,"column":29}},"loc":{"start":{"line":3,"column":69},"end":{"line":19,"column":1}}}},"branchMap":{},"s":{"0":1,"1":0,"2":0,"3":0,"4":1},"f":{"0":0},"b":{}}
,"C:\\Users\\sakag\\source\\repos\\ReactApp1\\reactapp1.client\\src\\fetures\\Memo\\test\\unit\\fixtures.ts": {"path":"C:\\Users\\sakag\\source\\repos\\ReactApp1\\reactapp1.client\\src\\fetures\\Memo\\test\\unit\\fixtures.ts","statementMap":{"0":{"start":{"line":8,"column":13},"end":{"line":10,"column":2}},"1":{"start":{"line":12,"column":13},"end":{"line":14,"column":2}},"2":{"start":{"line":16,"column":13},"end":{"line":42,"column":2}}},"fnMap":{},"branchMap":{},"s":{"0":1,"1":1,"2":1},"f":{},"b":{}}
}
